[2024-08-28 08:34:47,424] [INFO] [restartedMain] [c.tc.booking.api.BookingApiApplication.logStarting:50]: Starting BookingApiApplication using Java 17.0.9 with PID 5902 (/home/binh/workspace/ws-mcvsoft/ws-tuancuong/booking/gitrepo/booking-api/target/classes started by binh in /home/binh/workspace/ws-mcvsoft/ws-tuancuong/booking/gitrepo/booking-api)
[2024-08-28 08:34:47,431] [DEBUG] [restartedMain] [c.tc.booking.api.BookingApiApplication.logStarting:51]: Running with Spring Boot v3.3.3, Spring v6.1.8
[2024-08-28 08:34:47,432] [INFO] [restartedMain] [c.tc.booking.api.BookingApiApplication.logStartupProfileInfo:660]: The following 1 profile is active: "local"
[2024-08-28 08:34:47,490] [INFO] [restartedMain] [o.s.b.d.e.DevToolsPropertyDefaultsPostProcessor.logTo:252]: Devtools property defaults active! Set 'spring.devtools.add-properties' to 'false' to disable
[2024-08-28 08:34:47,491] [INFO] [restartedMain] [o.s.b.d.e.DevToolsPropertyDefaultsPostProcessor.logTo:252]: For additional web related logging consider setting the 'logging.level.web' property to 'DEBUG'
[2024-08-28 08:34:48,070] [INFO] [restartedMain] [o.s.d.r.c.RepositoryConfigurationDelegate.registerRepositoriesIn:143]: Bootstrapping Spring Data JPA repositories in DEFAULT mode.
[2024-08-28 08:34:48,112] [INFO] [restartedMain] [o.s.d.r.c.RepositoryConfigurationDelegate.registerRepositoriesIn:211]: Finished Spring Data repository scanning in 33 ms. Found 1 JPA repository interface.
[2024-08-28 08:34:48,986] [INFO] [restartedMain] [o.s.b.w.embedded.tomcat.TomcatWebServer.initialize:111]: Tomcat initialized with port 8000 (http)
[2024-08-28 08:34:49,038] [INFO] [restartedMain] [o.s.b.w.s.c.ServletWebServerApplicationContext.prepareWebApplicationContext:296]: Root WebApplicationContext: initialization completed in 1547 ms
[2024-08-28 08:34:49,115] [DEBUG] [restartedMain] [com.tc.booking.api.web.JwtAuthFilter.init:240]: Filter 'jwtAuthFilter' configured for use
[2024-08-28 08:34:49,606] [INFO] [restartedMain] [o.s.o.j.p.SpringPersistenceUnitInfo.addTransformer:87]: No LoadTimeWeaver setup: ignoring JPA class transformer
[2024-08-28 08:34:50,538] [INFO] [restartedMain] [o.s.o.j.LocalContainerEntityManagerFactoryBean.buildNativeEntityManagerFactory:437]: Initialized JPA EntityManagerFactory for persistence unit 'default'
[2024-08-28 08:34:51,010] [INFO] [restartedMain] [o.s.s.c.a.a.c.InitializeAuthenticationProviderBeanManagerConfigurer$InitializeAuthenticationProviderManagerConfigurer.configure:83]: Global AuthenticationManager configured with AuthenticationProvider bean with name authenticationProvider
[2024-08-28 08:34:51,011] [WARN] [restartedMain] [o.s.s.c.a.a.c.InitializeUserDetailsBeanManagerConfigurer$InitializeUserDetailsManagerConfigurer.configure:72]: Global AuthenticationManager configured with an AuthenticationProvider bean. UserDetailsService beans will not be used for username/password login. Consider removing the AuthenticationProvider bean. Alternatively, consider using the UserDetailsService in a manually instantiated DaoAuthenticationProvider.
[2024-08-28 08:34:51,315] [INFO] [restartedMain] [o.s.s.web.DefaultSecurityFilterChain.<init>:54]: Will secure any request with [org.springframework.security.web.session.DisableEncodeUrlFilter@755f51e7, org.springframework.security.web.context.request.async.WebAsyncManagerIntegrationFilter@47cfe0cd, org.springframework.security.web.context.SecurityContextHolderFilter@2e123630, org.springframework.security.web.header.HeaderWriterFilter@7ef1e489, org.springframework.security.web.authentication.logout.LogoutFilter@58fc2a4e, com.tc.booking.api.web.JwtAuthFilter@222fb1da, org.springframework.security.web.savedrequest.RequestCacheAwareFilter@2f2f195d, org.springframework.security.web.servletapi.SecurityContextHolderAwareRequestFilter@459eb6db, org.springframework.security.web.authentication.AnonymousAuthenticationFilter@2d0a0e3b, org.springframework.security.web.session.SessionManagementFilter@c525ba8, org.springframework.security.web.access.ExceptionTranslationFilter@490e5f33, org.springframework.security.web.access.intercept.AuthorizationFilter@41ce6d8c]
[2024-08-28 08:34:51,562] [INFO] [restartedMain] [o.s.b.d.a.OptionalLiveReloadServer.startServer:59]: LiveReload server is running on port 35729
[2024-08-28 08:34:51,591] [INFO] [restartedMain] [o.s.b.w.embedded.tomcat.TomcatWebServer.start:243]: Tomcat started on port 8000 (http) with context path '/'
[2024-08-28 08:34:51,603] [INFO] [restartedMain] [com.tc.booking.api.AppListener.onContextRefresh:27]: Application context refreshed
[2024-08-28 08:34:51,745] [INFO] [restartedMain] [c.tc.booking.api.BookingApiApplication.logStarted:56]: Started BookingApiApplication in 4.856 seconds (process running for 5.254)
[2024-08-28 08:38:22,343] [INFO] [SpringApplicationShutdownHook] [o.s.o.j.LocalContainerEntityManagerFactoryBean.destroy:650]: Closing JPA EntityManagerFactory for persistence unit 'default'
[2024-08-28 08:38:31,046] [INFO] [restartedMain] [c.tc.booking.api.BookingApiApplication.logStarting:50]: Starting BookingApiApplication using Java 17.0.9 with PID 6799 (/home/binh/workspace/ws-mcvsoft/ws-tuancuong/booking/gitrepo/booking-api/target/classes started by binh in /home/binh/workspace/ws-mcvsoft/ws-tuancuong/booking/gitrepo/booking-api)
[2024-08-28 08:38:31,048] [DEBUG] [restartedMain] [c.tc.booking.api.BookingApiApplication.logStarting:51]: Running with Spring Boot v3.3.3, Spring v6.1.8
[2024-08-28 08:38:31,049] [INFO] [restartedMain] [c.tc.booking.api.BookingApiApplication.logStartupProfileInfo:660]: The following 1 profile is active: "local"
[2024-08-28 08:38:31,092] [INFO] [restartedMain] [o.s.b.d.e.DevToolsPropertyDefaultsPostProcessor.logTo:252]: Devtools property defaults active! Set 'spring.devtools.add-properties' to 'false' to disable
[2024-08-28 08:38:31,092] [INFO] [restartedMain] [o.s.b.d.e.DevToolsPropertyDefaultsPostProcessor.logTo:252]: For additional web related logging consider setting the 'logging.level.web' property to 'DEBUG'
[2024-08-28 08:38:31,515] [INFO] [restartedMain] [o.s.d.r.c.RepositoryConfigurationDelegate.registerRepositoriesIn:143]: Bootstrapping Spring Data JPA repositories in DEFAULT mode.
[2024-08-28 08:38:31,551] [INFO] [restartedMain] [o.s.d.r.c.RepositoryConfigurationDelegate.registerRepositoriesIn:211]: Finished Spring Data repository scanning in 29 ms. Found 1 JPA repository interface.
[2024-08-28 08:38:32,402] [INFO] [restartedMain] [o.s.b.w.embedded.tomcat.TomcatWebServer.initialize:111]: Tomcat initialized with port 8000 (http)
[2024-08-28 08:38:32,453] [INFO] [restartedMain] [o.s.b.w.s.c.ServletWebServerApplicationContext.prepareWebApplicationContext:296]: Root WebApplicationContext: initialization completed in 1360 ms
[2024-08-28 08:38:32,533] [DEBUG] [restartedMain] [com.tc.booking.api.web.JwtAuthFilter.init:240]: Filter 'jwtAuthFilter' configured for use
[2024-08-28 08:38:32,969] [INFO] [restartedMain] [o.s.o.j.p.SpringPersistenceUnitInfo.addTransformer:87]: No LoadTimeWeaver setup: ignoring JPA class transformer
[2024-08-28 08:38:33,755] [INFO] [restartedMain] [o.s.o.j.LocalContainerEntityManagerFactoryBean.buildNativeEntityManagerFactory:437]: Initialized JPA EntityManagerFactory for persistence unit 'default'
[2024-08-28 08:38:34,092] [INFO] [restartedMain] [o.s.s.c.a.a.c.InitializeAuthenticationProviderBeanManagerConfigurer$InitializeAuthenticationProviderManagerConfigurer.configure:83]: Global AuthenticationManager configured with AuthenticationProvider bean with name authenticationProvider
[2024-08-28 08:38:34,093] [WARN] [restartedMain] [o.s.s.c.a.a.c.InitializeUserDetailsBeanManagerConfigurer$InitializeUserDetailsManagerConfigurer.configure:72]: Global AuthenticationManager configured with an AuthenticationProvider bean. UserDetailsService beans will not be used for username/password login. Consider removing the AuthenticationProvider bean. Alternatively, consider using the UserDetailsService in a manually instantiated DaoAuthenticationProvider.
[2024-08-28 08:38:34,298] [INFO] [restartedMain] [o.s.s.web.DefaultSecurityFilterChain.<init>:54]: Will secure any request with [org.springframework.security.web.session.DisableEncodeUrlFilter@41ba911f, org.springframework.security.web.context.request.async.WebAsyncManagerIntegrationFilter@69a1cd6a, org.springframework.security.web.context.SecurityContextHolderFilter@7ebd034, org.springframework.security.web.header.HeaderWriterFilter@1bfccf7f, org.springframework.security.web.authentication.logout.LogoutFilter@89135f8, com.tc.booking.api.web.JwtAuthFilter@7853f883, org.springframework.security.web.savedrequest.RequestCacheAwareFilter@14c08c3a, org.springframework.security.web.servletapi.SecurityContextHolderAwareRequestFilter@6a9b828e, org.springframework.security.web.authentication.AnonymousAuthenticationFilter@728b84db, org.springframework.security.web.session.SessionManagementFilter@744c863d, org.springframework.security.web.access.ExceptionTranslationFilter@12da332a, org.springframework.security.web.access.intercept.AuthorizationFilter@5ececfa5]
[2024-08-28 08:38:34,492] [INFO] [restartedMain] [o.s.b.d.a.OptionalLiveReloadServer.startServer:59]: LiveReload server is running on port 35729
[2024-08-28 08:38:34,515] [INFO] [restartedMain] [o.s.b.w.embedded.tomcat.TomcatWebServer.start:243]: Tomcat started on port 8000 (http) with context path '/'
[2024-08-28 08:38:34,524] [INFO] [restartedMain] [com.tc.booking.api.AppListener.onContextRefresh:27]: Application context refreshed
[2024-08-28 08:38:34,627] [INFO] [restartedMain] [c.tc.booking.api.BookingApiApplication.logStarted:56]: Started BookingApiApplication in 4.045 seconds (process running for 4.395)
[2024-08-28 08:45:51,868] [INFO] [http-nio-8000-exec-1] [o.s.web.servlet.DispatcherServlet.initServletBean:532]: Initializing Servlet 'dispatcherServlet'
[2024-08-28 08:45:51,870] [INFO] [http-nio-8000-exec-1] [o.s.web.servlet.DispatcherServlet.initServletBean:554]: Completed initialization in 2 ms
[2024-08-28 08:45:51,989] [ERROR] [http-nio-8000-exec-1] [c.t.booking.api.proxy.impl.AuthProxyImpl.login:52]: Login: username=admin, password=secret
[2024-08-28 08:45:52,153] [ERROR] [http-nio-8000-exec-1] [o.a.c.c.C.[.[.[/].[dispatcherServlet].log:175]: Servlet.service() for servlet [dispatcherServlet] in context with path [] threw exception [Request processing failed: java.lang.IllegalArgumentException: Key argument cannot be null.] with root cause
java.lang.IllegalArgumentException: Key argument cannot be null.
	at io.jsonwebtoken.lang.Assert.notNull(Assert.java:94)
	at io.jsonwebtoken.impl.DefaultJwtBuilder.signWith(DefaultJwtBuilder.java:206)
	at com.tc.booking.api.JwtHelper.genJwtToken(JwtHelper.java:78)
	at com.tc.booking.api.JwtHelper.genJwtToken(JwtHelper.java:54)
	at java.base/jdk.internal.reflect.NativeMethodAccessorImpl.invoke0(Native Method)
	at java.base/jdk.internal.reflect.NativeMethodAccessorImpl.invoke(NativeMethodAccessorImpl.java:77)
	at java.base/jdk.internal.reflect.DelegatingMethodAccessorImpl.invoke(DelegatingMethodAccessorImpl.java:43)
	at java.base/java.lang.reflect.Method.invoke(Method.java:568)
	at org.springframework.aop.support.AopUtils.invokeJoinpointUsingReflection(AopUtils.java:354)
	at org.springframework.aop.framework.CglibAopProxy$DynamicAdvisedInterceptor.intercept(CglibAopProxy.java:716)
	at com.tc.booking.api.JwtHelper$$SpringCGLIB$$1.genJwtToken(<generated>)
	at com.tc.booking.api.proxy.impl.AuthProxyImpl.login(AuthProxyImpl.java:71)
	at java.base/jdk.internal.reflect.NativeMethodAccessorImpl.invoke0(Native Method)
	at java.base/jdk.internal.reflect.NativeMethodAccessorImpl.invoke(NativeMethodAccessorImpl.java:77)
	at java.base/jdk.internal.reflect.DelegatingMethodAccessorImpl.invoke(DelegatingMethodAccessorImpl.java:43)
	at java.base/java.lang.reflect.Method.invoke(Method.java:568)
	at org.springframework.aop.support.AopUtils.invokeJoinpointUsingReflection(AopUtils.java:354)
	at org.springframework.aop.framework.ReflectiveMethodInvocation.invokeJoinpoint(ReflectiveMethodInvocation.java:196)
	at org.springframework.aop.framework.ReflectiveMethodInvocation.proceed(ReflectiveMethodInvocation.java:163)
	at org.springframework.aop.framework.CglibAopProxy$CglibMethodInvocation.proceed(CglibAopProxy.java:768)
	at org.springframework.transaction.interceptor.TransactionInterceptor$1.proceedWithInvocation(TransactionInterceptor.java:123)
	at org.springframework.transaction.interceptor.TransactionAspectSupport.invokeWithinTransaction(TransactionAspectSupport.java:392)
	at org.springframework.transaction.interceptor.TransactionInterceptor.invoke(TransactionInterceptor.java:119)
	at org.springframework.aop.framework.ReflectiveMethodInvocation.proceed(ReflectiveMethodInvocation.java:184)
	at org.springframework.aop.framework.CglibAopProxy$CglibMethodInvocation.proceed(CglibAopProxy.java:768)
	at org.springframework.aop.framework.CglibAopProxy$DynamicAdvisedInterceptor.intercept(CglibAopProxy.java:720)
	at com.tc.booking.api.proxy.impl.AuthProxyImpl$$SpringCGLIB$$0.login(<generated>)
	at java.base/jdk.internal.reflect.NativeMethodAccessorImpl.invoke0(Native Method)
	at java.base/jdk.internal.reflect.NativeMethodAccessorImpl.invoke(NativeMethodAccessorImpl.java:77)
	at java.base/jdk.internal.reflect.DelegatingMethodAccessorImpl.invoke(DelegatingMethodAccessorImpl.java:43)
	at java.base/java.lang.reflect.Method.invoke(Method.java:568)
	at org.springframework.aop.support.AopUtils.invokeJoinpointUsingReflection(AopUtils.java:354)
	at org.springframework.aop.framework.JdkDynamicAopProxy.invoke(JdkDynamicAopProxy.java:216)
	at jdk.proxy4/jdk.proxy4.$Proxy124.login(Unknown Source)
	at com.tc.booking.api.controller.AuthController.login(AuthController.java:31)
	at java.base/jdk.internal.reflect.NativeMethodAccessorImpl.invoke0(Native Method)
	at java.base/jdk.internal.reflect.NativeMethodAccessorImpl.invoke(NativeMethodAccessorImpl.java:77)
	at java.base/jdk.internal.reflect.DelegatingMethodAccessorImpl.invoke(DelegatingMethodAccessorImpl.java:43)
	at java.base/java.lang.reflect.Method.invoke(Method.java:568)
	at org.springframework.web.method.support.InvocableHandlerMethod.doInvoke(InvocableHandlerMethod.java:255)
	at org.springframework.web.method.support.InvocableHandlerMethod.invokeForRequest(InvocableHandlerMethod.java:188)
	at org.springframework.web.servlet.mvc.method.annotation.ServletInvocableHandlerMethod.invokeAndHandle(ServletInvocableHandlerMethod.java:118)
	at org.springframework.web.servlet.mvc.method.annotation.RequestMappingHandlerAdapter.invokeHandlerMethod(RequestMappingHandlerAdapter.java:926)
	at org.springframework.web.servlet.mvc.method.annotation.RequestMappingHandlerAdapter.handleInternal(RequestMappingHandlerAdapter.java:831)
	at org.springframework.web.servlet.mvc.method.AbstractHandlerMethodAdapter.handle(AbstractHandlerMethodAdapter.java:87)
	at org.springframework.web.servlet.DispatcherServlet.doDispatch(DispatcherServlet.java:1089)
	at org.springframework.web.servlet.DispatcherServlet.doService(DispatcherServlet.java:979)
	at org.springframework.web.servlet.FrameworkServlet.processRequest(FrameworkServlet.java:1014)
	at org.springframework.web.servlet.FrameworkServlet.doPost(FrameworkServlet.java:914)
	at jakarta.servlet.http.HttpServlet.service(HttpServlet.java:590)
	at org.springframework.web.servlet.FrameworkServlet.service(FrameworkServlet.java:885)
	at jakarta.servlet.http.HttpServlet.service(HttpServlet.java:658)
	at org.apache.catalina.core.ApplicationFilterChain.internalDoFilter(ApplicationFilterChain.java:195)
	at org.apache.catalina.core.ApplicationFilterChain.doFilter(ApplicationFilterChain.java:140)
	at org.apache.tomcat.websocket.server.WsFilter.doFilter(WsFilter.java:51)
	at org.apache.catalina.core.ApplicationFilterChain.internalDoFilter(ApplicationFilterChain.java:164)
	at org.apache.catalina.core.ApplicationFilterChain.doFilter(ApplicationFilterChain.java:140)
	at org.springframework.web.filter.OncePerRequestFilter.doFilter(OncePerRequestFilter.java:110)
	at org.apache.catalina.core.ApplicationFilterChain.internalDoFilter(ApplicationFilterChain.java:164)
	at org.apache.catalina.core.ApplicationFilterChain.doFilter(ApplicationFilterChain.java:140)
	at org.springframework.web.filter.CompositeFilter$VirtualFilterChain.doFilter(CompositeFilter.java:108)
	at org.springframework.security.web.FilterChainProxy.lambda$doFilterInternal$3(FilterChainProxy.java:231)
	at org.springframework.security.web.FilterChainProxy$VirtualFilterChain.doFilter(FilterChainProxy.java:365)
	at org.springframework.security.web.access.intercept.AuthorizationFilter.doFilter(AuthorizationFilter.java:100)
	at org.springframework.security.web.FilterChainProxy$VirtualFilterChain.doFilter(FilterChainProxy.java:374)
	at org.springframework.security.web.access.ExceptionTranslationFilter.doFilter(ExceptionTranslationFilter.java:126)
	at org.springframework.security.web.access.ExceptionTranslationFilter.doFilter(ExceptionTranslationFilter.java:120)
	at org.springframework.security.web.FilterChainProxy$VirtualFilterChain.doFilter(FilterChainProxy.java:374)
	at org.springframework.security.web.session.SessionManagementFilter.doFilter(SessionManagementFilter.java:131)
	at org.springframework.security.web.session.SessionManagementFilter.doFilter(SessionManagementFilter.java:85)
	at org.springframework.security.web.FilterChainProxy$VirtualFilterChain.doFilter(FilterChainProxy.java:374)
	at org.springframework.security.web.authentication.AnonymousAuthenticationFilter.doFilter(AnonymousAuthenticationFilter.java:100)
	at org.springframework.security.web.FilterChainProxy$VirtualFilterChain.doFilter(FilterChainProxy.java:374)
	at org.springframework.security.web.servletapi.SecurityContextHolderAwareRequestFilter.doFilter(SecurityContextHolderAwareRequestFilter.java:179)
	at org.springframework.security.web.FilterChainProxy$VirtualFilterChain.doFilter(FilterChainProxy.java:374)
	at org.springframework.security.web.savedrequest.RequestCacheAwareFilter.doFilter(RequestCacheAwareFilter.java:63)
	at org.springframework.security.web.FilterChainProxy$VirtualFilterChain.doFilter(FilterChainProxy.java:374)
	at com.tc.booking.api.web.JwtAuthFilter.doFilterInternal(JwtAuthFilter.java:80)
	at org.springframework.web.filter.OncePerRequestFilter.doFilter(OncePerRequestFilter.java:116)
	at org.springframework.security.web.FilterChainProxy$VirtualFilterChain.doFilter(FilterChainProxy.java:374)
	at org.springframework.security.web.authentication.logout.LogoutFilter.doFilter(LogoutFilter.java:107)
	at org.springframework.security.web.authentication.logout.LogoutFilter.doFilter(LogoutFilter.java:93)
	at org.springframework.security.web.FilterChainProxy$VirtualFilterChain.doFilter(FilterChainProxy.java:374)
	at org.springframework.security.web.header.HeaderWriterFilter.doHeadersAfter(HeaderWriterFilter.java:90)
	at org.springframework.security.web.header.HeaderWriterFilter.doFilterInternal(HeaderWriterFilter.java:75)
	at org.springframework.web.filter.OncePerRequestFilter.doFilter(OncePerRequestFilter.java:116)
	at org.springframework.security.web.FilterChainProxy$VirtualFilterChain.doFilter(FilterChainProxy.java:374)
	at org.springframework.security.web.context.SecurityContextHolderFilter.doFilter(SecurityContextHolderFilter.java:82)
	at org.springframework.security.web.context.SecurityContextHolderFilter.doFilter(SecurityContextHolderFilter.java:69)
	at org.springframework.security.web.FilterChainProxy$VirtualFilterChain.doFilter(FilterChainProxy.java:374)
	at org.springframework.security.web.context.request.async.WebAsyncManagerIntegrationFilter.doFilterInternal(WebAsyncManagerIntegrationFilter.java:62)
	at org.springframework.web.filter.OncePerRequestFilter.doFilter(OncePerRequestFilter.java:116)
	at org.springframework.security.web.FilterChainProxy$VirtualFilterChain.doFilter(FilterChainProxy.java:374)
	at org.springframework.security.web.session.DisableEncodeUrlFilter.doFilterInternal(DisableEncodeUrlFilter.java:42)
	at org.springframework.web.filter.OncePerRequestFilter.doFilter(OncePerRequestFilter.java:116)
	at org.springframework.security.web.FilterChainProxy$VirtualFilterChain.doFilter(FilterChainProxy.java:374)
	at org.springframework.security.web.FilterChainProxy.doFilterInternal(FilterChainProxy.java:233)
	at org.springframework.security.web.FilterChainProxy.doFilter(FilterChainProxy.java:191)
	at org.springframework.web.filter.CompositeFilter$VirtualFilterChain.doFilter(CompositeFilter.java:113)
	at org.springframework.web.servlet.handler.HandlerMappingIntrospector.lambda$createCacheFilter$3(HandlerMappingIntrospector.java:195)
	at org.springframework.web.filter.CompositeFilter$VirtualFilterChain.doFilter(CompositeFilter.java:113)
	at org.springframework.web.filter.CompositeFilter.doFilter(CompositeFilter.java:74)
	at org.springframework.security.config.annotation.web.configuration.WebMvcSecurityConfiguration$CompositeFilterChainProxy.doFilter(WebMvcSecurityConfiguration.java:230)
	at org.springframework.web.filter.DelegatingFilterProxy.invokeDelegate(DelegatingFilterProxy.java:352)
	at org.springframework.web.filter.DelegatingFilterProxy.doFilter(DelegatingFilterProxy.java:268)
	at org.apache.catalina.core.ApplicationFilterChain.internalDoFilter(ApplicationFilterChain.java:164)
	at org.apache.catalina.core.ApplicationFilterChain.doFilter(ApplicationFilterChain.java:140)
	at org.springframework.web.filter.RequestContextFilter.doFilterInternal(RequestContextFilter.java:100)
	at org.springframework.web.filter.OncePerRequestFilter.doFilter(OncePerRequestFilter.java:116)
	at org.apache.catalina.core.ApplicationFilterChain.internalDoFilter(ApplicationFilterChain.java:164)
	at org.apache.catalina.core.ApplicationFilterChain.doFilter(ApplicationFilterChain.java:140)
	at org.springframework.web.filter.FormContentFilter.doFilterInternal(FormContentFilter.java:93)
	at org.springframework.web.filter.OncePerRequestFilter.doFilter(OncePerRequestFilter.java:116)
	at org.apache.catalina.core.ApplicationFilterChain.internalDoFilter(ApplicationFilterChain.java:164)
	at org.apache.catalina.core.ApplicationFilterChain.doFilter(ApplicationFilterChain.java:140)
	at org.springframework.web.filter.CharacterEncodingFilter.doFilterInternal(CharacterEncodingFilter.java:201)
	at org.springframework.web.filter.OncePerRequestFilter.doFilter(OncePerRequestFilter.java:116)
	at org.apache.catalina.core.ApplicationFilterChain.internalDoFilter(ApplicationFilterChain.java:164)
	at org.apache.catalina.core.ApplicationFilterChain.doFilter(ApplicationFilterChain.java:140)
	at org.apache.catalina.core.StandardWrapperValve.invoke(StandardWrapperValve.java:167)
	at org.apache.catalina.core.StandardContextValve.invoke(StandardContextValve.java:90)
	at org.apache.catalina.authenticator.AuthenticatorBase.invoke(AuthenticatorBase.java:483)
	at org.apache.catalina.core.StandardHostValve.invoke(StandardHostValve.java:115)
	at org.apache.catalina.valves.ErrorReportValve.invoke(ErrorReportValve.java:93)
	at org.apache.catalina.core.StandardEngineValve.invoke(StandardEngineValve.java:74)
	at org.apache.catalina.connector.CoyoteAdapter.service(CoyoteAdapter.java:344)
	at org.apache.coyote.http11.Http11Processor.service(Http11Processor.java:384)
	at org.apache.coyote.AbstractProcessorLight.process(AbstractProcessorLight.java:63)
	at org.apache.coyote.AbstractProtocol$ConnectionHandler.process(AbstractProtocol.java:904)
	at org.apache.tomcat.util.net.NioEndpoint$SocketProcessor.doRun(NioEndpoint.java:1741)
	at org.apache.tomcat.util.net.SocketProcessorBase.run(SocketProcessorBase.java:52)
	at org.apache.tomcat.util.threads.ThreadPoolExecutor.runWorker(ThreadPoolExecutor.java:1190)
	at org.apache.tomcat.util.threads.ThreadPoolExecutor$Worker.run(ThreadPoolExecutor.java:659)
	at org.apache.tomcat.util.threads.TaskThread$WrappingRunnable.run(TaskThread.java:63)
	at java.base/java.lang.Thread.run(Thread.java:840)
[2024-08-28 08:49:13,043] [INFO] [SpringApplicationShutdownHook] [o.s.o.j.LocalContainerEntityManagerFactoryBean.destroy:650]: Closing JPA EntityManagerFactory for persistence unit 'default'
[2024-08-28 08:49:21,365] [INFO] [restartedMain] [c.tc.booking.api.BookingApiApplication.logStarting:50]: Starting BookingApiApplication using Java 17.0.9 with PID 8450 (/home/binh/workspace/ws-mcvsoft/ws-tuancuong/booking/gitrepo/booking-api/target/classes started by binh in /home/binh/workspace/ws-mcvsoft/ws-tuancuong/booking/gitrepo/booking-api)
[2024-08-28 08:49:21,366] [DEBUG] [restartedMain] [c.tc.booking.api.BookingApiApplication.logStarting:51]: Running with Spring Boot v3.3.3, Spring v6.1.8
[2024-08-28 08:49:21,368] [INFO] [restartedMain] [c.tc.booking.api.BookingApiApplication.logStartupProfileInfo:660]: The following 1 profile is active: "local"
[2024-08-28 08:49:21,416] [INFO] [restartedMain] [o.s.b.d.e.DevToolsPropertyDefaultsPostProcessor.logTo:252]: Devtools property defaults active! Set 'spring.devtools.add-properties' to 'false' to disable
[2024-08-28 08:49:21,416] [INFO] [restartedMain] [o.s.b.d.e.DevToolsPropertyDefaultsPostProcessor.logTo:252]: For additional web related logging consider setting the 'logging.level.web' property to 'DEBUG'
[2024-08-28 08:49:21,847] [INFO] [restartedMain] [o.s.d.r.c.RepositoryConfigurationDelegate.registerRepositoriesIn:143]: Bootstrapping Spring Data JPA repositories in DEFAULT mode.
[2024-08-28 08:49:21,883] [INFO] [restartedMain] [o.s.d.r.c.RepositoryConfigurationDelegate.registerRepositoriesIn:211]: Finished Spring Data repository scanning in 29 ms. Found 1 JPA repository interface.
[2024-08-28 08:49:22,699] [INFO] [restartedMain] [o.s.b.w.embedded.tomcat.TomcatWebServer.initialize:111]: Tomcat initialized with port 8000 (http)
[2024-08-28 08:49:22,755] [INFO] [restartedMain] [o.s.b.w.s.c.ServletWebServerApplicationContext.prepareWebApplicationContext:296]: Root WebApplicationContext: initialization completed in 1337 ms
[2024-08-28 08:49:22,839] [DEBUG] [restartedMain] [com.tc.booking.api.web.JwtAuthFilter.init:240]: Filter 'jwtAuthFilter' configured for use
[2024-08-28 08:49:23,272] [INFO] [restartedMain] [o.s.o.j.p.SpringPersistenceUnitInfo.addTransformer:87]: No LoadTimeWeaver setup: ignoring JPA class transformer
[2024-08-28 08:49:24,128] [INFO] [restartedMain] [o.s.o.j.LocalContainerEntityManagerFactoryBean.buildNativeEntityManagerFactory:437]: Initialized JPA EntityManagerFactory for persistence unit 'default'
[2024-08-28 08:49:24,542] [INFO] [restartedMain] [o.s.s.c.a.a.c.InitializeAuthenticationProviderBeanManagerConfigurer$InitializeAuthenticationProviderManagerConfigurer.configure:83]: Global AuthenticationManager configured with AuthenticationProvider bean with name authenticationProvider
[2024-08-28 08:49:24,543] [WARN] [restartedMain] [o.s.s.c.a.a.c.InitializeUserDetailsBeanManagerConfigurer$InitializeUserDetailsManagerConfigurer.configure:72]: Global AuthenticationManager configured with an AuthenticationProvider bean. UserDetailsService beans will not be used for username/password login. Consider removing the AuthenticationProvider bean. Alternatively, consider using the UserDetailsService in a manually instantiated DaoAuthenticationProvider.
[2024-08-28 08:49:24,804] [INFO] [restartedMain] [o.s.s.web.DefaultSecurityFilterChain.<init>:54]: Will secure any request with [org.springframework.security.web.session.DisableEncodeUrlFilter@7c2fafe6, org.springframework.security.web.context.request.async.WebAsyncManagerIntegrationFilter@115cc6bd, org.springframework.security.web.context.SecurityContextHolderFilter@59a6ae5, org.springframework.security.web.header.HeaderWriterFilter@6fbaa6cf, org.springframework.security.web.authentication.logout.LogoutFilter@277aa0a5, com.tc.booking.api.web.JwtAuthFilter@5e33e361, org.springframework.security.web.savedrequest.RequestCacheAwareFilter@7746ef85, org.springframework.security.web.servletapi.SecurityContextHolderAwareRequestFilter@5f273131, org.springframework.security.web.authentication.AnonymousAuthenticationFilter@3dccc48d, org.springframework.security.web.session.SessionManagementFilter@3ddfea6, org.springframework.security.web.access.ExceptionTranslationFilter@6f24b2ef, org.springframework.security.web.access.intercept.AuthorizationFilter@175f5836]
[2024-08-28 08:49:25,012] [INFO] [restartedMain] [o.s.b.d.a.OptionalLiveReloadServer.startServer:59]: LiveReload server is running on port 35729
[2024-08-28 08:49:25,035] [INFO] [restartedMain] [o.s.b.w.embedded.tomcat.TomcatWebServer.start:243]: Tomcat started on port 8000 (http) with context path '/'
[2024-08-28 08:49:25,045] [INFO] [restartedMain] [com.tc.booking.api.AppListener.onContextRefresh:27]: Application context refreshed
[2024-08-28 08:49:25,151] [INFO] [restartedMain] [c.tc.booking.api.BookingApiApplication.logStarted:56]: Started BookingApiApplication in 4.277 seconds (process running for 4.628)
[2024-08-28 08:49:57,193] [INFO] [http-nio-8000-exec-1] [o.s.web.servlet.DispatcherServlet.initServletBean:532]: Initializing Servlet 'dispatcherServlet'
[2024-08-28 08:49:57,195] [INFO] [http-nio-8000-exec-1] [o.s.web.servlet.DispatcherServlet.initServletBean:554]: Completed initialization in 1 ms
[2024-08-28 08:49:57,323] [ERROR] [http-nio-8000-exec-1] [c.t.booking.api.proxy.impl.AuthProxyImpl.login:52]: Login: username=admin, password=secret
[2024-08-28 08:49:57,488] [INFO] [http-nio-8000-exec-1] [com.tc.booking.api.JwtHelper.genJwtToken:78]: Private key: null
[2024-08-28 08:49:57,495] [ERROR] [http-nio-8000-exec-1] [o.a.c.c.C.[.[.[/].[dispatcherServlet].log:175]: Servlet.service() for servlet [dispatcherServlet] in context with path [] threw exception [Request processing failed: java.lang.IllegalArgumentException: Key argument cannot be null.] with root cause
java.lang.IllegalArgumentException: Key argument cannot be null.
	at io.jsonwebtoken.lang.Assert.notNull(Assert.java:94)
	at io.jsonwebtoken.impl.DefaultJwtBuilder.signWith(DefaultJwtBuilder.java:206)
	at com.tc.booking.api.JwtHelper.genJwtToken(JwtHelper.java:79)
	at com.tc.booking.api.JwtHelper.genJwtToken(JwtHelper.java:54)
	at java.base/jdk.internal.reflect.NativeMethodAccessorImpl.invoke0(Native Method)
	at java.base/jdk.internal.reflect.NativeMethodAccessorImpl.invoke(NativeMethodAccessorImpl.java:77)
	at java.base/jdk.internal.reflect.DelegatingMethodAccessorImpl.invoke(DelegatingMethodAccessorImpl.java:43)
	at java.base/java.lang.reflect.Method.invoke(Method.java:568)
	at org.springframework.aop.support.AopUtils.invokeJoinpointUsingReflection(AopUtils.java:354)
	at org.springframework.aop.framework.CglibAopProxy$DynamicAdvisedInterceptor.intercept(CglibAopProxy.java:716)
	at com.tc.booking.api.JwtHelper$$SpringCGLIB$$1.genJwtToken(<generated>)
	at com.tc.booking.api.proxy.impl.AuthProxyImpl.login(AuthProxyImpl.java:71)
	at java.base/jdk.internal.reflect.NativeMethodAccessorImpl.invoke0(Native Method)
	at java.base/jdk.internal.reflect.NativeMethodAccessorImpl.invoke(NativeMethodAccessorImpl.java:77)
	at java.base/jdk.internal.reflect.DelegatingMethodAccessorImpl.invoke(DelegatingMethodAccessorImpl.java:43)
	at java.base/java.lang.reflect.Method.invoke(Method.java:568)
	at org.springframework.aop.support.AopUtils.invokeJoinpointUsingReflection(AopUtils.java:354)
	at org.springframework.aop.framework.ReflectiveMethodInvocation.invokeJoinpoint(ReflectiveMethodInvocation.java:196)
	at org.springframework.aop.framework.ReflectiveMethodInvocation.proceed(ReflectiveMethodInvocation.java:163)
	at org.springframework.aop.framework.CglibAopProxy$CglibMethodInvocation.proceed(CglibAopProxy.java:768)
	at org.springframework.transaction.interceptor.TransactionInterceptor$1.proceedWithInvocation(TransactionInterceptor.java:123)
	at org.springframework.transaction.interceptor.TransactionAspectSupport.invokeWithinTransaction(TransactionAspectSupport.java:392)
	at org.springframework.transaction.interceptor.TransactionInterceptor.invoke(TransactionInterceptor.java:119)
	at org.springframework.aop.framework.ReflectiveMethodInvocation.proceed(ReflectiveMethodInvocation.java:184)
	at org.springframework.aop.framework.CglibAopProxy$CglibMethodInvocation.proceed(CglibAopProxy.java:768)
	at org.springframework.aop.framework.CglibAopProxy$DynamicAdvisedInterceptor.intercept(CglibAopProxy.java:720)
	at com.tc.booking.api.proxy.impl.AuthProxyImpl$$SpringCGLIB$$0.login(<generated>)
	at java.base/jdk.internal.reflect.NativeMethodAccessorImpl.invoke0(Native Method)
	at java.base/jdk.internal.reflect.NativeMethodAccessorImpl.invoke(NativeMethodAccessorImpl.java:77)
	at java.base/jdk.internal.reflect.DelegatingMethodAccessorImpl.invoke(DelegatingMethodAccessorImpl.java:43)
	at java.base/java.lang.reflect.Method.invoke(Method.java:568)
	at org.springframework.aop.support.AopUtils.invokeJoinpointUsingReflection(AopUtils.java:354)
	at org.springframework.aop.framework.JdkDynamicAopProxy.invoke(JdkDynamicAopProxy.java:216)
	at jdk.proxy4/jdk.proxy4.$Proxy124.login(Unknown Source)
	at com.tc.booking.api.controller.AuthController.login(AuthController.java:31)
	at java.base/jdk.internal.reflect.NativeMethodAccessorImpl.invoke0(Native Method)
	at java.base/jdk.internal.reflect.NativeMethodAccessorImpl.invoke(NativeMethodAccessorImpl.java:77)
	at java.base/jdk.internal.reflect.DelegatingMethodAccessorImpl.invoke(DelegatingMethodAccessorImpl.java:43)
	at java.base/java.lang.reflect.Method.invoke(Method.java:568)
	at org.springframework.web.method.support.InvocableHandlerMethod.doInvoke(InvocableHandlerMethod.java:255)
	at org.springframework.web.method.support.InvocableHandlerMethod.invokeForRequest(InvocableHandlerMethod.java:188)
	at org.springframework.web.servlet.mvc.method.annotation.ServletInvocableHandlerMethod.invokeAndHandle(ServletInvocableHandlerMethod.java:118)
	at org.springframework.web.servlet.mvc.method.annotation.RequestMappingHandlerAdapter.invokeHandlerMethod(RequestMappingHandlerAdapter.java:926)
	at org.springframework.web.servlet.mvc.method.annotation.RequestMappingHandlerAdapter.handleInternal(RequestMappingHandlerAdapter.java:831)
	at org.springframework.web.servlet.mvc.method.AbstractHandlerMethodAdapter.handle(AbstractHandlerMethodAdapter.java:87)
	at org.springframework.web.servlet.DispatcherServlet.doDispatch(DispatcherServlet.java:1089)
	at org.springframework.web.servlet.DispatcherServlet.doService(DispatcherServlet.java:979)
	at org.springframework.web.servlet.FrameworkServlet.processRequest(FrameworkServlet.java:1014)
	at org.springframework.web.servlet.FrameworkServlet.doPost(FrameworkServlet.java:914)
	at jakarta.servlet.http.HttpServlet.service(HttpServlet.java:590)
	at org.springframework.web.servlet.FrameworkServlet.service(FrameworkServlet.java:885)
	at jakarta.servlet.http.HttpServlet.service(HttpServlet.java:658)
	at org.apache.catalina.core.ApplicationFilterChain.internalDoFilter(ApplicationFilterChain.java:195)
	at org.apache.catalina.core.ApplicationFilterChain.doFilter(ApplicationFilterChain.java:140)
	at org.apache.tomcat.websocket.server.WsFilter.doFilter(WsFilter.java:51)
	at org.apache.catalina.core.ApplicationFilterChain.internalDoFilter(ApplicationFilterChain.java:164)
	at org.apache.catalina.core.ApplicationFilterChain.doFilter(ApplicationFilterChain.java:140)
	at org.springframework.web.filter.OncePerRequestFilter.doFilter(OncePerRequestFilter.java:110)
	at org.apache.catalina.core.ApplicationFilterChain.internalDoFilter(ApplicationFilterChain.java:164)
	at org.apache.catalina.core.ApplicationFilterChain.doFilter(ApplicationFilterChain.java:140)
	at org.springframework.web.filter.CompositeFilter$VirtualFilterChain.doFilter(CompositeFilter.java:108)
	at org.springframework.security.web.FilterChainProxy.lambda$doFilterInternal$3(FilterChainProxy.java:231)
	at org.springframework.security.web.FilterChainProxy$VirtualFilterChain.doFilter(FilterChainProxy.java:365)
	at org.springframework.security.web.access.intercept.AuthorizationFilter.doFilter(AuthorizationFilter.java:100)
	at org.springframework.security.web.FilterChainProxy$VirtualFilterChain.doFilter(FilterChainProxy.java:374)
	at org.springframework.security.web.access.ExceptionTranslationFilter.doFilter(ExceptionTranslationFilter.java:126)
	at org.springframework.security.web.access.ExceptionTranslationFilter.doFilter(ExceptionTranslationFilter.java:120)
	at org.springframework.security.web.FilterChainProxy$VirtualFilterChain.doFilter(FilterChainProxy.java:374)
	at org.springframework.security.web.session.SessionManagementFilter.doFilter(SessionManagementFilter.java:131)
	at org.springframework.security.web.session.SessionManagementFilter.doFilter(SessionManagementFilter.java:85)
	at org.springframework.security.web.FilterChainProxy$VirtualFilterChain.doFilter(FilterChainProxy.java:374)
	at org.springframework.security.web.authentication.AnonymousAuthenticationFilter.doFilter(AnonymousAuthenticationFilter.java:100)
	at org.springframework.security.web.FilterChainProxy$VirtualFilterChain.doFilter(FilterChainProxy.java:374)
	at org.springframework.security.web.servletapi.SecurityContextHolderAwareRequestFilter.doFilter(SecurityContextHolderAwareRequestFilter.java:179)
	at org.springframework.security.web.FilterChainProxy$VirtualFilterChain.doFilter(FilterChainProxy.java:374)
	at org.springframework.security.web.savedrequest.RequestCacheAwareFilter.doFilter(RequestCacheAwareFilter.java:63)
	at org.springframework.security.web.FilterChainProxy$VirtualFilterChain.doFilter(FilterChainProxy.java:374)
	at com.tc.booking.api.web.JwtAuthFilter.doFilterInternal(JwtAuthFilter.java:80)
	at org.springframework.web.filter.OncePerRequestFilter.doFilter(OncePerRequestFilter.java:116)
	at org.springframework.security.web.FilterChainProxy$VirtualFilterChain.doFilter(FilterChainProxy.java:374)
	at org.springframework.security.web.authentication.logout.LogoutFilter.doFilter(LogoutFilter.java:107)
	at org.springframework.security.web.authentication.logout.LogoutFilter.doFilter(LogoutFilter.java:93)
	at org.springframework.security.web.FilterChainProxy$VirtualFilterChain.doFilter(FilterChainProxy.java:374)
	at org.springframework.security.web.header.HeaderWriterFilter.doHeadersAfter(HeaderWriterFilter.java:90)
	at org.springframework.security.web.header.HeaderWriterFilter.doFilterInternal(HeaderWriterFilter.java:75)
	at org.springframework.web.filter.OncePerRequestFilter.doFilter(OncePerRequestFilter.java:116)
	at org.springframework.security.web.FilterChainProxy$VirtualFilterChain.doFilter(FilterChainProxy.java:374)
	at org.springframework.security.web.context.SecurityContextHolderFilter.doFilter(SecurityContextHolderFilter.java:82)
	at org.springframework.security.web.context.SecurityContextHolderFilter.doFilter(SecurityContextHolderFilter.java:69)
	at org.springframework.security.web.FilterChainProxy$VirtualFilterChain.doFilter(FilterChainProxy.java:374)
	at org.springframework.security.web.context.request.async.WebAsyncManagerIntegrationFilter.doFilterInternal(WebAsyncManagerIntegrationFilter.java:62)
	at org.springframework.web.filter.OncePerRequestFilter.doFilter(OncePerRequestFilter.java:116)
	at org.springframework.security.web.FilterChainProxy$VirtualFilterChain.doFilter(FilterChainProxy.java:374)
	at org.springframework.security.web.session.DisableEncodeUrlFilter.doFilterInternal(DisableEncodeUrlFilter.java:42)
	at org.springframework.web.filter.OncePerRequestFilter.doFilter(OncePerRequestFilter.java:116)
	at org.springframework.security.web.FilterChainProxy$VirtualFilterChain.doFilter(FilterChainProxy.java:374)
	at org.springframework.security.web.FilterChainProxy.doFilterInternal(FilterChainProxy.java:233)
	at org.springframework.security.web.FilterChainProxy.doFilter(FilterChainProxy.java:191)
	at org.springframework.web.filter.CompositeFilter$VirtualFilterChain.doFilter(CompositeFilter.java:113)
	at org.springframework.web.servlet.handler.HandlerMappingIntrospector.lambda$createCacheFilter$3(HandlerMappingIntrospector.java:195)
	at org.springframework.web.filter.CompositeFilter$VirtualFilterChain.doFilter(CompositeFilter.java:113)
	at org.springframework.web.filter.CompositeFilter.doFilter(CompositeFilter.java:74)
	at org.springframework.security.config.annotation.web.configuration.WebMvcSecurityConfiguration$CompositeFilterChainProxy.doFilter(WebMvcSecurityConfiguration.java:230)
	at org.springframework.web.filter.DelegatingFilterProxy.invokeDelegate(DelegatingFilterProxy.java:352)
	at org.springframework.web.filter.DelegatingFilterProxy.doFilter(DelegatingFilterProxy.java:268)
	at org.apache.catalina.core.ApplicationFilterChain.internalDoFilter(ApplicationFilterChain.java:164)
	at org.apache.catalina.core.ApplicationFilterChain.doFilter(ApplicationFilterChain.java:140)
	at org.springframework.web.filter.RequestContextFilter.doFilterInternal(RequestContextFilter.java:100)
	at org.springframework.web.filter.OncePerRequestFilter.doFilter(OncePerRequestFilter.java:116)
	at org.apache.catalina.core.ApplicationFilterChain.internalDoFilter(ApplicationFilterChain.java:164)
	at org.apache.catalina.core.ApplicationFilterChain.doFilter(ApplicationFilterChain.java:140)
	at org.springframework.web.filter.FormContentFilter.doFilterInternal(FormContentFilter.java:93)
	at org.springframework.web.filter.OncePerRequestFilter.doFilter(OncePerRequestFilter.java:116)
	at org.apache.catalina.core.ApplicationFilterChain.internalDoFilter(ApplicationFilterChain.java:164)
	at org.apache.catalina.core.ApplicationFilterChain.doFilter(ApplicationFilterChain.java:140)
	at org.springframework.web.filter.CharacterEncodingFilter.doFilterInternal(CharacterEncodingFilter.java:201)
	at org.springframework.web.filter.OncePerRequestFilter.doFilter(OncePerRequestFilter.java:116)
	at org.apache.catalina.core.ApplicationFilterChain.internalDoFilter(ApplicationFilterChain.java:164)
	at org.apache.catalina.core.ApplicationFilterChain.doFilter(ApplicationFilterChain.java:140)
	at org.apache.catalina.core.StandardWrapperValve.invoke(StandardWrapperValve.java:167)
	at org.apache.catalina.core.StandardContextValve.invoke(StandardContextValve.java:90)
	at org.apache.catalina.authenticator.AuthenticatorBase.invoke(AuthenticatorBase.java:483)
	at org.apache.catalina.core.StandardHostValve.invoke(StandardHostValve.java:115)
	at org.apache.catalina.valves.ErrorReportValve.invoke(ErrorReportValve.java:93)
	at org.apache.catalina.core.StandardEngineValve.invoke(StandardEngineValve.java:74)
	at org.apache.catalina.connector.CoyoteAdapter.service(CoyoteAdapter.java:344)
	at org.apache.coyote.http11.Http11Processor.service(Http11Processor.java:384)
	at org.apache.coyote.AbstractProcessorLight.process(AbstractProcessorLight.java:63)
	at org.apache.coyote.AbstractProtocol$ConnectionHandler.process(AbstractProtocol.java:904)
	at org.apache.tomcat.util.net.NioEndpoint$SocketProcessor.doRun(NioEndpoint.java:1741)
	at org.apache.tomcat.util.net.SocketProcessorBase.run(SocketProcessorBase.java:52)
	at org.apache.tomcat.util.threads.ThreadPoolExecutor.runWorker(ThreadPoolExecutor.java:1190)
	at org.apache.tomcat.util.threads.ThreadPoolExecutor$Worker.run(ThreadPoolExecutor.java:659)
	at org.apache.tomcat.util.threads.TaskThread$WrappingRunnable.run(TaskThread.java:63)
	at java.base/java.lang.Thread.run(Thread.java:840)
[2024-08-28 08:54:27,416] [INFO] [SpringApplicationShutdownHook] [o.s.o.j.LocalContainerEntityManagerFactoryBean.destroy:650]: Closing JPA EntityManagerFactory for persistence unit 'default'
[2024-08-28 08:54:35,485] [INFO] [restartedMain] [c.tc.booking.api.BookingApiApplication.logStarting:50]: Starting BookingApiApplication using Java 17.0.9 with PID 8758 (/home/binh/workspace/ws-mcvsoft/ws-tuancuong/booking/gitrepo/booking-api/target/classes started by binh in /home/binh/workspace/ws-mcvsoft/ws-tuancuong/booking/gitrepo/booking-api)
[2024-08-28 08:54:35,487] [DEBUG] [restartedMain] [c.tc.booking.api.BookingApiApplication.logStarting:51]: Running with Spring Boot v3.3.3, Spring v6.1.8
[2024-08-28 08:54:35,488] [INFO] [restartedMain] [c.tc.booking.api.BookingApiApplication.logStartupProfileInfo:660]: The following 1 profile is active: "local"
[2024-08-28 08:54:35,536] [INFO] [restartedMain] [o.s.b.d.e.DevToolsPropertyDefaultsPostProcessor.logTo:252]: Devtools property defaults active! Set 'spring.devtools.add-properties' to 'false' to disable
[2024-08-28 08:54:35,536] [INFO] [restartedMain] [o.s.b.d.e.DevToolsPropertyDefaultsPostProcessor.logTo:252]: For additional web related logging consider setting the 'logging.level.web' property to 'DEBUG'
[2024-08-28 08:54:35,963] [INFO] [restartedMain] [o.s.d.r.c.RepositoryConfigurationDelegate.registerRepositoriesIn:143]: Bootstrapping Spring Data JPA repositories in DEFAULT mode.
[2024-08-28 08:54:35,997] [INFO] [restartedMain] [o.s.d.r.c.RepositoryConfigurationDelegate.registerRepositoriesIn:211]: Finished Spring Data repository scanning in 27 ms. Found 1 JPA repository interface.
[2024-08-28 08:54:36,803] [INFO] [restartedMain] [o.s.b.w.embedded.tomcat.TomcatWebServer.initialize:111]: Tomcat initialized with port 8000 (http)
[2024-08-28 08:54:36,856] [INFO] [restartedMain] [o.s.b.w.s.c.ServletWebServerApplicationContext.prepareWebApplicationContext:296]: Root WebApplicationContext: initialization completed in 1319 ms
[2024-08-28 08:54:36,936] [DEBUG] [restartedMain] [com.tc.booking.api.web.JwtAuthFilter.init:240]: Filter 'jwtAuthFilter' configured for use
[2024-08-28 08:54:37,363] [INFO] [restartedMain] [o.s.o.j.p.SpringPersistenceUnitInfo.addTransformer:87]: No LoadTimeWeaver setup: ignoring JPA class transformer
[2024-08-28 08:54:38,195] [INFO] [restartedMain] [o.s.o.j.LocalContainerEntityManagerFactoryBean.buildNativeEntityManagerFactory:437]: Initialized JPA EntityManagerFactory for persistence unit 'default'
[2024-08-28 08:54:38,592] [INFO] [restartedMain] [o.s.s.c.a.a.c.InitializeAuthenticationProviderBeanManagerConfigurer$InitializeAuthenticationProviderManagerConfigurer.configure:83]: Global AuthenticationManager configured with AuthenticationProvider bean with name authenticationProvider
[2024-08-28 08:54:38,593] [WARN] [restartedMain] [o.s.s.c.a.a.c.InitializeUserDetailsBeanManagerConfigurer$InitializeUserDetailsManagerConfigurer.configure:72]: Global AuthenticationManager configured with an AuthenticationProvider bean. UserDetailsService beans will not be used for username/password login. Consider removing the AuthenticationProvider bean. Alternatively, consider using the UserDetailsService in a manually instantiated DaoAuthenticationProvider.
[2024-08-28 08:54:38,827] [INFO] [restartedMain] [o.s.s.web.DefaultSecurityFilterChain.<init>:54]: Will secure any request with [org.springframework.security.web.session.DisableEncodeUrlFilter@609984a7, org.springframework.security.web.context.request.async.WebAsyncManagerIntegrationFilter@7bf2eaa0, org.springframework.security.web.context.SecurityContextHolderFilter@3345b868, org.springframework.security.web.header.HeaderWriterFilter@6f24b2ef, org.springframework.security.web.authentication.logout.LogoutFilter@628d5b03, com.tc.booking.api.web.JwtAuthFilter@2afcf79c, org.springframework.security.web.savedrequest.RequestCacheAwareFilter@59a6ae5, org.springframework.security.web.servletapi.SecurityContextHolderAwareRequestFilter@48a22be1, org.springframework.security.web.authentication.AnonymousAuthenticationFilter@7c2fafe6, org.springframework.security.web.session.SessionManagementFilter@5eff85a3, org.springframework.security.web.access.ExceptionTranslationFilter@21bdaab9, org.springframework.security.web.access.intercept.AuthorizationFilter@1ee0b216]
[2024-08-28 08:54:39,023] [INFO] [restartedMain] [o.s.b.d.a.OptionalLiveReloadServer.startServer:59]: LiveReload server is running on port 35729
[2024-08-28 08:54:39,047] [INFO] [restartedMain] [o.s.b.w.embedded.tomcat.TomcatWebServer.start:243]: Tomcat started on port 8000 (http) with context path '/'
[2024-08-28 08:54:39,057] [INFO] [restartedMain] [com.tc.booking.api.AppListener.onContextRefresh:28]: Application context refreshed
[2024-08-28 08:54:39,058] [INFO] [restartedMain] [com.tc.booking.api.JwtHelper.loadKeyStore:97]: Loading key store from: classpath:/keystore/booking-jwt.p12
[2024-08-28 08:54:39,156] [INFO] [restartedMain] [com.tc.booking.api.JwtHelper.loadKeyStore:120]: Got private key, alg=RSA
[2024-08-28 08:54:39,255] [INFO] [restartedMain] [c.tc.booking.api.BookingApiApplication.logStarted:56]: Started BookingApiApplication in 4.243 seconds (process running for 4.591)
[2024-08-28 08:54:50,598] [INFO] [http-nio-8000-exec-2] [o.s.web.servlet.DispatcherServlet.initServletBean:532]: Initializing Servlet 'dispatcherServlet'
[2024-08-28 08:54:50,601] [INFO] [http-nio-8000-exec-2] [o.s.web.servlet.DispatcherServlet.initServletBean:554]: Completed initialization in 2 ms
[2024-08-28 08:54:50,728] [ERROR] [http-nio-8000-exec-2] [c.t.booking.api.proxy.impl.AuthProxyImpl.login:52]: Login: username=admin, password=secret
[2024-08-28 08:54:50,898] [INFO] [http-nio-8000-exec-2] [com.tc.booking.api.JwtHelper.genJwtToken:78]: Private key: SunRsaSign RSA private CRT key, 2048 bits
  params: null
  modulus: 20703633888079783146002312644657873118670438296018223159930062107672789345526929065764213080622996217600501910906385065933750426416789888341893748251302798022287159796201611590532684728088744937829107284539443279264706906757759154263848375721939313938853003910268255074667438264320230838301790475434921258393673274806088332000844313683877279148802483098337042300815722551434707006841129497027109760018851518804114792693348347511038158545920808683205973023772452547394248380065677328259847229024365273184079282302338181494105633548124105595361678793857823850452183862816339018218345793769125834779038949300572897741069
  private exponent: 30011218386065572102327230438416435696990885120187545969350991046720402029770332197805823315976999872927471222913874319296066199392633770121914431296424398616312620056443735616531196868462559608980655080813084387905262006835636657995721435121904188842806893380464229856316380595853059029840702125002937570339982695973158873600578791392646460793550770615655824413180717095502262679764332318473476504864569638881101549319457100140206996456406833115896710253610388590079947951571641666260461858137401773148006160664404019395746089335785832706264285202703750191394413844868179620208671183916412379400036707413024404613
[2024-08-28 08:56:52,747] [INFO] [SpringApplicationShutdownHook] [o.s.o.j.LocalContainerEntityManagerFactoryBean.destroy:650]: Closing JPA EntityManagerFactory for persistence unit 'default'
[2024-08-28 08:57:02,919] [INFO] [restartedMain] [c.tc.booking.api.BookingApiApplication.logStarting:50]: Starting BookingApiApplication using Java 17.0.9 with PID 8944 (/home/binh/workspace/ws-mcvsoft/ws-tuancuong/booking/gitrepo/booking-api/target/classes started by binh in /home/binh/workspace/ws-mcvsoft/ws-tuancuong/booking/gitrepo/booking-api)
[2024-08-28 08:57:02,921] [DEBUG] [restartedMain] [c.tc.booking.api.BookingApiApplication.logStarting:51]: Running with Spring Boot v3.3.3, Spring v6.1.8
[2024-08-28 08:57:02,922] [INFO] [restartedMain] [c.tc.booking.api.BookingApiApplication.logStartupProfileInfo:660]: The following 1 profile is active: "local"
[2024-08-28 08:57:02,972] [INFO] [restartedMain] [o.s.b.d.e.DevToolsPropertyDefaultsPostProcessor.logTo:252]: Devtools property defaults active! Set 'spring.devtools.add-properties' to 'false' to disable
[2024-08-28 08:57:02,973] [INFO] [restartedMain] [o.s.b.d.e.DevToolsPropertyDefaultsPostProcessor.logTo:252]: For additional web related logging consider setting the 'logging.level.web' property to 'DEBUG'
[2024-08-28 08:57:03,408] [INFO] [restartedMain] [o.s.d.r.c.RepositoryConfigurationDelegate.registerRepositoriesIn:143]: Bootstrapping Spring Data JPA repositories in DEFAULT mode.
[2024-08-28 08:57:03,450] [INFO] [restartedMain] [o.s.d.r.c.RepositoryConfigurationDelegate.registerRepositoriesIn:211]: Finished Spring Data repository scanning in 34 ms. Found 1 JPA repository interface.
[2024-08-28 08:57:04,277] [INFO] [restartedMain] [o.s.b.w.embedded.tomcat.TomcatWebServer.initialize:111]: Tomcat initialized with port 8000 (http)
[2024-08-28 08:57:04,326] [INFO] [restartedMain] [o.s.b.w.s.c.ServletWebServerApplicationContext.prepareWebApplicationContext:296]: Root WebApplicationContext: initialization completed in 1352 ms
[2024-08-28 08:57:04,407] [DEBUG] [restartedMain] [com.tc.booking.api.web.JwtAuthFilter.init:240]: Filter 'jwtAuthFilter' configured for use
[2024-08-28 08:57:04,834] [INFO] [restartedMain] [o.s.o.j.p.SpringPersistenceUnitInfo.addTransformer:87]: No LoadTimeWeaver setup: ignoring JPA class transformer
[2024-08-28 08:57:05,668] [INFO] [restartedMain] [o.s.o.j.LocalContainerEntityManagerFactoryBean.buildNativeEntityManagerFactory:437]: Initialized JPA EntityManagerFactory for persistence unit 'default'
[2024-08-28 08:57:06,085] [INFO] [restartedMain] [o.s.s.c.a.a.c.InitializeAuthenticationProviderBeanManagerConfigurer$InitializeAuthenticationProviderManagerConfigurer.configure:83]: Global AuthenticationManager configured with AuthenticationProvider bean with name authenticationProvider
[2024-08-28 08:57:06,086] [WARN] [restartedMain] [o.s.s.c.a.a.c.InitializeUserDetailsBeanManagerConfigurer$InitializeUserDetailsManagerConfigurer.configure:72]: Global AuthenticationManager configured with an AuthenticationProvider bean. UserDetailsService beans will not be used for username/password login. Consider removing the AuthenticationProvider bean. Alternatively, consider using the UserDetailsService in a manually instantiated DaoAuthenticationProvider.
[2024-08-28 08:57:06,361] [INFO] [restartedMain] [o.s.s.web.DefaultSecurityFilterChain.<init>:54]: Will secure any request with [org.springframework.security.web.session.DisableEncodeUrlFilter@59da1b7e, org.springframework.security.web.context.request.async.WebAsyncManagerIntegrationFilter@41ba911f, org.springframework.security.web.context.SecurityContextHolderFilter@52434e84, org.springframework.security.web.header.HeaderWriterFilter@9b50430, org.springframework.security.web.authentication.logout.LogoutFilter@73fd17a2, com.tc.booking.api.web.JwtAuthFilter@395f7679, org.springframework.security.web.savedrequest.RequestCacheAwareFilter@1786c39a, org.springframework.security.web.servletapi.SecurityContextHolderAwareRequestFilter@6b2e8506, org.springframework.security.web.authentication.AnonymousAuthenticationFilter@69a1cd6a, org.springframework.security.web.session.SessionManagementFilter@5af1e191, org.springframework.security.web.access.ExceptionTranslationFilter@680b1fca, org.springframework.security.web.access.intercept.AuthorizationFilter@1771f133]
[2024-08-28 08:57:06,587] [INFO] [restartedMain] [o.s.b.d.a.OptionalLiveReloadServer.startServer:59]: LiveReload server is running on port 35729
[2024-08-28 08:57:06,613] [INFO] [restartedMain] [o.s.b.w.embedded.tomcat.TomcatWebServer.start:243]: Tomcat started on port 8000 (http) with context path '/'
[2024-08-28 08:57:06,623] [INFO] [restartedMain] [com.tc.booking.api.AppListener.onContextRefresh:28]: Application context refreshed
[2024-08-28 08:57:06,624] [INFO] [restartedMain] [com.tc.booking.api.JwtHelper.loadKeyStore:96]: Loading key store from: classpath:/keystore/booking-jwt.p12
[2024-08-28 08:57:06,720] [INFO] [restartedMain] [com.tc.booking.api.JwtHelper.loadKeyStore:119]: Got private key, alg=RSA
[2024-08-28 08:57:06,834] [INFO] [restartedMain] [c.tc.booking.api.BookingApiApplication.logStarted:56]: Started BookingApiApplication in 4.4 seconds (process running for 4.759)
[2024-08-28 08:58:05,875] [INFO] [http-nio-8000-exec-2] [o.s.web.servlet.DispatcherServlet.initServletBean:532]: Initializing Servlet 'dispatcherServlet'
[2024-08-28 08:58:05,877] [INFO] [http-nio-8000-exec-2] [o.s.web.servlet.DispatcherServlet.initServletBean:554]: Completed initialization in 1 ms
[2024-08-28 08:58:06,058] [ERROR] [http-nio-8000-exec-2] [c.t.booking.api.proxy.impl.AuthProxyImpl.login:51]: Login: username=admin
[2024-08-28 08:58:29,251] [INFO] [SpringApplicationShutdownHook] [o.s.o.j.LocalContainerEntityManagerFactoryBean.destroy:650]: Closing JPA EntityManagerFactory for persistence unit 'default'
[2024-08-28 08:58:37,353] [INFO] [restartedMain] [c.tc.booking.api.BookingApiApplication.logStarting:50]: Starting BookingApiApplication using Java 17.0.9 with PID 9092 (/home/binh/workspace/ws-mcvsoft/ws-tuancuong/booking/gitrepo/booking-api/target/classes started by binh in /home/binh/workspace/ws-mcvsoft/ws-tuancuong/booking/gitrepo/booking-api)
[2024-08-28 08:58:37,355] [DEBUG] [restartedMain] [c.tc.booking.api.BookingApiApplication.logStarting:51]: Running with Spring Boot v3.3.3, Spring v6.1.8
[2024-08-28 08:58:37,356] [INFO] [restartedMain] [c.tc.booking.api.BookingApiApplication.logStartupProfileInfo:660]: The following 1 profile is active: "local"
[2024-08-28 08:58:37,405] [INFO] [restartedMain] [o.s.b.d.e.DevToolsPropertyDefaultsPostProcessor.logTo:252]: Devtools property defaults active! Set 'spring.devtools.add-properties' to 'false' to disable
[2024-08-28 08:58:37,406] [INFO] [restartedMain] [o.s.b.d.e.DevToolsPropertyDefaultsPostProcessor.logTo:252]: For additional web related logging consider setting the 'logging.level.web' property to 'DEBUG'
[2024-08-28 08:58:37,851] [INFO] [restartedMain] [o.s.d.r.c.RepositoryConfigurationDelegate.registerRepositoriesIn:143]: Bootstrapping Spring Data JPA repositories in DEFAULT mode.
[2024-08-28 08:58:37,886] [INFO] [restartedMain] [o.s.d.r.c.RepositoryConfigurationDelegate.registerRepositoriesIn:211]: Finished Spring Data repository scanning in 28 ms. Found 1 JPA repository interface.
[2024-08-28 08:58:38,700] [INFO] [restartedMain] [o.s.b.w.embedded.tomcat.TomcatWebServer.initialize:111]: Tomcat initialized with port 8000 (http)
[2024-08-28 08:58:38,751] [INFO] [restartedMain] [o.s.b.w.s.c.ServletWebServerApplicationContext.prepareWebApplicationContext:296]: Root WebApplicationContext: initialization completed in 1344 ms
[2024-08-28 08:58:38,831] [DEBUG] [restartedMain] [com.tc.booking.api.web.JwtAuthFilter.init:240]: Filter 'jwtAuthFilter' configured for use
[2024-08-28 08:58:39,262] [INFO] [restartedMain] [o.s.o.j.p.SpringPersistenceUnitInfo.addTransformer:87]: No LoadTimeWeaver setup: ignoring JPA class transformer
[2024-08-28 08:58:40,146] [INFO] [restartedMain] [o.s.o.j.LocalContainerEntityManagerFactoryBean.buildNativeEntityManagerFactory:437]: Initialized JPA EntityManagerFactory for persistence unit 'default'
[2024-08-28 08:58:40,575] [INFO] [restartedMain] [o.s.s.c.a.a.c.InitializeAuthenticationProviderBeanManagerConfigurer$InitializeAuthenticationProviderManagerConfigurer.configure:83]: Global AuthenticationManager configured with AuthenticationProvider bean with name authenticationProvider
[2024-08-28 08:58:40,576] [WARN] [restartedMain] [o.s.s.c.a.a.c.InitializeUserDetailsBeanManagerConfigurer$InitializeUserDetailsManagerConfigurer.configure:72]: Global AuthenticationManager configured with an AuthenticationProvider bean. UserDetailsService beans will not be used for username/password login. Consider removing the AuthenticationProvider bean. Alternatively, consider using the UserDetailsService in a manually instantiated DaoAuthenticationProvider.
[2024-08-28 08:58:40,831] [INFO] [restartedMain] [o.s.s.web.DefaultSecurityFilterChain.<init>:54]: Will secure any request with [org.springframework.security.web.session.DisableEncodeUrlFilter@7c2fafe6, org.springframework.security.web.context.request.async.WebAsyncManagerIntegrationFilter@115cc6bd, org.springframework.security.web.context.SecurityContextHolderFilter@59a6ae5, org.springframework.security.web.header.HeaderWriterFilter@6fbaa6cf, org.springframework.security.web.authentication.logout.LogoutFilter@277aa0a5, com.tc.booking.api.web.JwtAuthFilter@5e33e361, org.springframework.security.web.savedrequest.RequestCacheAwareFilter@7746ef85, org.springframework.security.web.servletapi.SecurityContextHolderAwareRequestFilter@5f273131, org.springframework.security.web.authentication.AnonymousAuthenticationFilter@3dccc48d, org.springframework.security.web.session.SessionManagementFilter@3ddfea6, org.springframework.security.web.access.ExceptionTranslationFilter@6f24b2ef, org.springframework.security.web.access.intercept.AuthorizationFilter@175f5836]
[2024-08-28 08:58:41,053] [INFO] [restartedMain] [o.s.b.d.a.OptionalLiveReloadServer.startServer:59]: LiveReload server is running on port 35729
[2024-08-28 08:58:41,082] [INFO] [restartedMain] [o.s.b.w.embedded.tomcat.TomcatWebServer.start:243]: Tomcat started on port 8000 (http) with context path '/'
[2024-08-28 08:58:41,094] [INFO] [restartedMain] [com.tc.booking.api.AppListener.onContextRefresh:28]: Application context refreshed
[2024-08-28 08:58:41,095] [INFO] [restartedMain] [com.tc.booking.api.JwtHelper.loadKeyStore:96]: Loading key store from: classpath:/keystore/booking-jwt.p12
[2024-08-28 08:58:41,183] [INFO] [restartedMain] [com.tc.booking.api.JwtHelper.loadKeyStore:119]: Got private key, alg=RSA
[2024-08-28 08:58:41,269] [INFO] [http-nio-8000-exec-2] [o.s.web.servlet.DispatcherServlet.initServletBean:532]: Initializing Servlet 'dispatcherServlet'
[2024-08-28 08:58:41,272] [INFO] [http-nio-8000-exec-2] [o.s.web.servlet.DispatcherServlet.initServletBean:554]: Completed initialization in 2 ms
[2024-08-28 08:58:41,317] [INFO] [restartedMain] [c.tc.booking.api.BookingApiApplication.logStarted:56]: Started BookingApiApplication in 4.484 seconds (process running for 4.833)
[2024-08-28 08:58:41,362] [INFO] [http-nio-8000-exec-2] [c.t.booking.api.proxy.impl.AuthProxyImpl.login:51]: Login: username=admin
